# JRE version: Java(TM) SE Runtime Environment (25.0.1+8) (build 25.0.1+8-LTS-27)
# Java VM: Java HotSpot(TM) 64-Bit Server VM (25.0.1+8-LTS-27, mixed mode, sharing, tiered, compressed oops, compressed class ptrs, g1 gc, windows-amd64)
GC Precious Log:
 CardTable entry size: 512
 Card Set container configuration: InlinePtr #cards 4 size 8 Array Of Cards #cards 16 size 48 Howl #buckets 8 coarsen threshold 3686 Howl Bitmap #cards 512 size 80 coarsen threshold 460 Card regions per heap region 1 cards per card region 4096
 CPUs: 16 total, 16 available
 Memory: 15676M
 Large Page Support: Disabled
 NUMA Support: Disabled
 Compressed Oops: Enabled (Zero based)
 Heap Region Size: 2M
 Heap Min Capacity: 8M
 Heap Initial Capacity: 246M
 Heap Max Capacity: 3920M
 Pre-touch: Disabled
 Parallel Workers: 13
 Concurrent Workers: 3
 Concurrent Refinement Workers: 13
 Periodic GC: Disabled
Heap:
 garbage-first heap   total reserved 4014080K, committed 139264K, used 25016K [0x000000070b000000, 0x0000000800000000)
  region size 2048K, 12 young (24576K), 1 survivors (2048K)
GC Heap Usage History (16 events):
Event: 1.255 {heap Before GC invocations=0 (full 0):
 garbage-first heap   total reserved 4014080K, committed 253952K, used 50325K [0x000000070b000000, 0x0000000800000000)
  region size 2048K, 24 young (49152K), 0 survivors (0K)
}
Event: 1.259 {heap After GC invocations=1 (full 0):
 garbage-first heap   total reserved 4014080K, committed 253952K, used 4816K [0x000000070b000000, 0x0000000800000000)
  region size 2048K, 2 young (4096K), 2 survivors (4096K)
}
Event: 1.293 {heap Before GC invocations=1 (full 0):
 garbage-first heap   total reserved 4014080K, committed 253952K, used 8912K [0x000000070b000000, 0x0000000800000000)
  region size 2048K, 5 young (10240K), 2 survivors (4096K)
}
Event: 1.295 {heap After GC invocations=2 (full 0):
 garbage-first heap   total reserved 4014080K, committed 253952K, used 4920K [0x000000070b000000, 0x0000000800000000)
  region size 2048K, 2 young (4096K), 2 survivors (4096K)
}
Event: 1.350 {heap Before GC invocations=3 (full 0):
 garbage-first heap   total reserved 4014080K, committed 20480K, used 19256K [0x000000070b000000, 0x0000000800000000)
  region size 2048K, 9 young (18432K), 2 survivors (4096K)
}
Event: 1.352 {heap After GC invocations=4 (full 0):
 garbage-first heap   total reserved 4014080K, committed 24576K, used 4909K [0x000000070b000000, 0x0000000800000000)
  region size 2048K, 2 young (4096K), 2 survivors (4096K)
}
Event: 1.388 {heap Before GC invocations=4 (full 0):
 garbage-first heap   total reserved 4014080K, committed 24576K, used 15149K [0x000000070b000000, 0x0000000800000000)
  region size 2048K, 7 young (14336K), 2 survivors (4096K)
}
Event: 1.391 {heap After GC invocations=5 (full 0):
 garbage-first heap   total reserved 4014080K, committed 24576K, used 5085K [0x000000070b000000, 0x0000000800000000)
  region size 2048K, 1 young (2048K), 1 survivors (2048K)
}
Event: 1.464 {heap Before GC invocations=5 (full 0):
 garbage-first heap   total reserved 4014080K, committed 24576K, used 15325K [0x000000070b000000, 0x0000000800000000)
  region size 2048K, 6 young (12288K), 1 survivors (2048K)
}
Event: 1.465 {heap After GC invocations=6 (full 0):
 garbage-first heap   total reserved 4014080K, committed 24576K, used 4621K [0x000000070b000000, 0x0000000800000000)
  region size 2048K, 1 young (2048K), 1 survivors (2048K)
}
Event: 1.550 {heap Before GC invocations=6 (full 0):
 garbage-first heap   total reserved 4014080K, committed 24576K, used 16909K [0x000000070b000000, 0x0000000800000000)
  region size 2048K, 7 young (14336K), 1 survivors (2048K)
}
Event: 1.551 {heap After GC invocations=7 (full 0):
 garbage-first heap   total reserved 4014080K, committed 24576K, used 4559K [0x000000070b000000, 0x0000000800000000)
  region size 2048K, 1 young (2048K), 1 survivors (2048K)
}
Event: 1.631 {heap Before GC invocations=7 (full 0):
 garbage-first heap   total reserved 4014080K, committed 24576K, used 16847K [0x000000070b000000, 0x0000000800000000)
  region size 2048K, 7 young (14336K), 1 survivors (2048K)
}
Event: 1.633 {heap After GC invocations=8 (full 0):
 garbage-first heap   total reserved 4014080K, committed 139264K, used 4540K [0x000000070b000000, 0x0000000800000000)
  region size 2048K, 1 young (2048K), 1 survivors (2048K)
}
Event: 2.166 {heap Before GC invocations=8 (full 0):
 garbage-first heap   total reserved 4014080K, committed 139264K, used 84412K [0x000000070b000000, 0x0000000800000000)
  region size 2048K, 40 young (81920K), 1 survivors (2048K)
}
Event: 2.167 {heap After GC invocations=9 (full 0):
 garbage-first heap   total reserved 4014080K, committed 139264K, used 4536K [0x000000070b000000, 0x0000000800000000)
  region size 2048K, 1 young (2048K), 1 survivors (2048K)
}

